2025-12-21 20:14:53,380 - __main__ - INFO - ================================================================================
2025-12-21 20:14:53,381 - __main__ - INFO - 自动化工作流启动
2025-12-21 20:14:53,382 - __main__ - INFO - ================================================================================
2025-12-21 20:14:53,382 - __main__ - INFO - 当前模式: 仅运行Mole步骤（Spark/GTS已跳过）
2025-12-21 20:14:53,382 - workflow_automation.workflow_main - INFO - ================================================================================
2025-12-21 20:14:53,383 - workflow_automation.workflow_main - INFO - 开始执行Mole-only工作流（Spark/GTS已跳过）
2025-12-21 20:14:53,383 - workflow_automation.workflow_main - INFO - 输入文件: C:\Users\qibaiche\OneDrive - Intel Corporation\Documents\AI_Code\automation\auto-vpo\input\Source Lot.csv
2025-12-21 20:14:53,389 - workflow_automation.workflow_main - INFO - ================================================================================
2025-12-21 20:14:53,389 - workflow_automation.workflow_main - INFO - 
================================================================================
2025-12-21 20:14:53,389 - workflow_automation.workflow_main - INFO - 步骤 -1/3: 配置Mole参数
2025-12-21 20:14:53,390 - workflow_automation.workflow_main - INFO - ================================================================================
2025-12-21 20:14:53,390 - workflow_automation.workflow_main - INFO - 显示Mole配置界面...
2025-12-21 20:15:02,813 - workflow_automation.mole_config_ui - INFO - 配置已保存到: C:\Users\qibaiche\OneDrive - Intel Corporation\Documents\AI_Code\automation\auto-vpo\workflow_automation\config.yaml
2025-12-21 20:15:02,897 - workflow_automation.workflow_main - INFO - 用户配置: {'search_mode': 'units', 'mir_comments': 'Please bring this lot to 2524 level4', 'units_info': 'M5361NQ700226\nM5361NQ700227\nM5361NQ700229\nM5361NQ700230\nM5361NQ700232\nM5361NQ700234'}
2025-12-21 20:15:02,913 - workflow_automation.workflow_main - INFO - 
================================================================================
2025-12-21 20:15:02,917 - workflow_automation.workflow_main - INFO - 步骤 0/3: 启动Mole工具
2025-12-21 20:15:02,917 - workflow_automation.workflow_main - INFO - ================================================================================
2025-12-21 20:15:02,917 - workflow_automation.workflow_main - INFO - 正在启动Mole工具...
2025-12-21 20:15:02,940 - workflow_automation.mole_submitter - INFO - 启动Mole工具: C:\Users\qibaiche\Desktop\Mole 2.0.appref-ms
2025-12-21 20:15:03,212 - workflow_automation.mole_submitter - INFO - 已通过os.startfile启动.appref-ms文件
2025-12-21 20:15:03,230 - workflow_automation.mole_submitter - INFO - 等待Mole登录对话框...
2025-12-21 20:15:03,267 - workflow_automation.mole_submitter - INFO - 等待MOLE LOGIN对话框出现...
2025-12-21 20:15:10,005 - workflow_automation.mole_submitter - INFO - 找到登录对话框: MOLE LOGIN (backend: win32)
2025-12-21 20:15:10,519 - workflow_automation.mole_submitter - INFO - 正在分析登录对话框的控件结构...
2025-12-21 20:15:10,586 - workflow_automation.mole_submitter - INFO - 查找所有可用的控件...
2025-12-21 20:15:10,600 - workflow_automation.mole_submitter - INFO - 通过children找到 0 个Button控件
2025-12-21 20:15:10,613 - workflow_automation.mole_submitter - INFO - 通过descendants找到 0 个Button控件
2025-12-21 20:15:10,616 - workflow_automation.mole_submitter - INFO - 找到 12 个子控件
2025-12-21 20:15:10,617 - workflow_automation.mole_submitter - INFO -   控件: 'Show Login' (类型: <class 'pywinauto.controls.win32_controls.ButtonWrapper'>)
2025-12-21 20:15:10,618 - workflow_automation.mole_submitter - INFO -   控件: 'Click on this if  you don't  have a Vortex account' (类型: <class 'pywinauto.controls.win32_controls.StaticWrapper'>)
2025-12-21 20:15:10,618 - workflow_automation.mole_submitter - INFO -   控件: '' (类型: <class 'pywinauto.controls.win32_controls.ButtonWrapper'>)
2025-12-21 20:15:10,618 - workflow_automation.mole_submitter - INFO -   控件: 'Vortex Authentication (required)' (类型: <class 'pywinauto.controls.hwndwrapper.HwndWrapper'>)
2025-12-21 20:15:10,619 - workflow_automation.mole_submitter - INFO -   控件: '' (类型: <class 'pywinauto.controls.win32_controls.EditWrapper'>)
2025-12-21 20:15:10,619 - workflow_automation.mole_submitter - INFO -   控件: 'Password' (类型: <class 'pywinauto.controls.win32_controls.StaticWrapper'>)
2025-12-21 20:15:10,619 - workflow_automation.mole_submitter - INFO -   控件: 'QIBAICHE' (类型: <class 'pywinauto.controls.win32_controls.EditWrapper'>)
2025-12-21 20:15:10,620 - workflow_automation.mole_submitter - INFO -   控件: 'User Name' (类型: <class 'pywinauto.controls.win32_controls.StaticWrapper'>)
2025-12-21 20:15:10,620 - workflow_automation.mole_submitter - INFO -   控件: 'Select a site' (类型: <class 'pywinauto.controls.win32_controls.StaticWrapper'>)
2025-12-21 20:15:10,620 - workflow_automation.mole_submitter - INFO -   控件: 'PNG-CPU' (类型: <class 'pywinauto.controls.win32_controls.ComboBoxWrapper'>)
2025-12-21 20:15:10,621 - workflow_automation.mole_submitter - INFO -   控件: 'OK' (类型: <class 'pywinauto.controls.win32_controls.ButtonWrapper'>)
2025-12-21 20:15:10,623 - workflow_automation.mole_submitter - INFO -   控件: 'Cancel' (类型: <class 'pywinauto.controls.win32_controls.ButtonWrapper'>)
2025-12-21 20:15:10,623 - workflow_automation.mole_submitter - INFO - 总共找到 4 个可能的按钮控件
2025-12-21 20:15:10,630 - workflow_automation.mole_submitter - INFO -   按钮 1: 'Show Login'
2025-12-21 20:15:10,631 - workflow_automation.mole_submitter - INFO -   按钮 2: ''
2025-12-21 20:15:10,631 - workflow_automation.mole_submitter - INFO -   按钮 3: 'OK'
2025-12-21 20:15:10,635 - workflow_automation.mole_submitter - INFO -   按钮 4: 'Cancel'
2025-12-21 20:15:10,636 - workflow_automation.mole_submitter - INFO - 找到OK按钮（从按钮列表中: 'OK'）
2025-12-21 20:15:10,798 - workflow_automation.mole_submitter - INFO - ✅ 已点击OK按钮（从按钮列表）
2025-12-21 20:15:11,851 - workflow_automation.mole_submitter - INFO - 登录对话框已处理
2025-12-21 20:15:17,053 - workflow_automation.mole_submitter - INFO - 已通过进程句柄连接到Mole窗口: MOLE v4.9.12.21  [Chen, Qibai (PNG-CPU - Convergence Site)] - 202552 (backend: win32)
2025-12-21 20:15:17,054 - workflow_automation.workflow_main - INFO - ✅ Mole工具已启动
2025-12-21 20:15:17,054 - workflow_automation.workflow_main - INFO - 
================================================================================
2025-12-21 20:15:17,054 - workflow_automation.workflow_main - INFO - 步骤 1/3: 读取source lot文件
2025-12-21 20:15:17,054 - workflow_automation.workflow_main - INFO - ================================================================================
2025-12-21 20:15:17,055 - workflow_automation.data_reader - INFO - 正在读取CSV文件: C:\Users\qibaiche\OneDrive - Intel Corporation\Documents\AI_Code\automation\auto-vpo\input\Source Lot.csv
2025-12-21 20:15:17,059 - workflow_automation.data_reader - INFO - 成功使用 utf-8 编码读取CSV文件: 1 行，8 列
2025-12-21 20:15:17,060 - workflow_automation.workflow_main - INFO - ✅ 成功读取CSV文件: 1 行，8 列
2025-12-21 20:15:17,060 - workflow_automation.workflow_main - INFO - 
================================================================================
2025-12-21 20:15:17,060 - workflow_automation.workflow_main - INFO - 步骤 2/3: 提交MIR数据到Mole工具（循环处理所有行）
2025-12-21 20:15:17,060 - workflow_automation.workflow_main - INFO - ================================================================================
2025-12-21 20:15:17,060 - workflow_automation.workflow_main - INFO - 使用Search By Units模式...
2025-12-21 20:15:17,067 - workflow_automation.workflow_main - INFO - Units信息: M5361NQ700226
M5361NQ700227
M5361NQ700229
M5361NQ700230
M5361NQ700232
M5361NQ700234...
2025-12-21 20:15:17,068 - workflow_automation.workflow_main - INFO - 开始Mole工具操作流程...
2025-12-21 20:15:17,068 - workflow_automation.mole_submitter - INFO - 开始提交MIR数据到Mole工具
2025-12-21 20:15:17,068 - workflow_automation.mole_submitter - INFO - 尝试提交MIR数据 (第1/3次)
2025-12-21 20:15:17,068 - workflow_automation.mole_submitter - INFO - 点击File菜单（全屏模式，左上角菜单栏）...
2025-12-21 20:15:17,569 - workflow_automation.mole_submitter - INFO - 窗口位置: left=-10, top=-10, right=1930, bottom=1150
2025-12-21 20:15:17,570 - workflow_automation.mole_submitter - INFO - 使用Windows API点击File菜单...
2025-12-21 20:15:17,570 - workflow_automation.mole_submitter - WARNING - 未找到菜单句柄，尝试其他方法
2025-12-21 20:15:17,570 - workflow_automation.mole_submitter - INFO - 使用Alt+F快捷键打开File菜单
2025-12-21 20:15:17,613 - workflow_automation.mole_submitter - INFO - ✅ 已使用Alt+F打开File菜单
2025-12-21 20:15:18,814 - workflow_automation.mole_submitter - INFO - 在下拉菜单中选择'New MIR Request'（第5个菜单项）...
2025-12-21 20:15:18,814 - workflow_automation.mole_submitter - INFO - 使用Windows API精确查找'New MIR Request'菜单项...
2025-12-21 20:15:18,814 - workflow_automation.mole_submitter - INFO - 使用键盘导航选择第5个菜单项'New MIR Request'...
2025-12-21 20:15:19,016 - workflow_automation.mole_submitter - INFO - 按4次下箭头键...
2025-12-21 20:15:19,974 - workflow_automation.mole_submitter - INFO - 按Enter键确认选择...
2025-12-21 20:15:19,989 - workflow_automation.mole_submitter - INFO - ✅ 已使用键盘导航选择'New MIR Request'（下箭头4次+Enter）
2025-12-21 20:15:20,989 - workflow_automation.mole_submitter - INFO - ✅ 已成功打开New MIR Request
2025-12-21 20:15:20,990 - workflow_automation.mole_submitter - INFO - 检查是否有'MIR is now MRS!'信息对话框...
2025-12-21 20:15:21,011 - workflow_automation.mole_submitter - INFO - 找到信息对话框: MIR is now MRS! (backend: win32)
2025-12-21 20:15:21,825 - workflow_automation.mole_submitter - INFO - 找到 0 个按钮
2025-12-21 20:15:21,826 - workflow_automation.mole_submitter - INFO - 尝试使用Enter键点击OK按钮
2025-12-21 20:15:21,840 - workflow_automation.mole_submitter - INFO - ✅ 已使用Enter键点击OK按钮
2025-12-21 20:15:22,341 - workflow_automation.mole_submitter - INFO - ✅ 信息对话框已处理
2025-12-21 20:15:24,449 - workflow_automation.mole_submitter - INFO - ✅ MIR数据提交成功
2025-12-21 20:15:24,449 - workflow_automation.mole_submitter - INFO - 点击'Search By Units'按钮...
2025-12-21 20:15:25,023 - workflow_automation.mole_submitter - INFO - 使用Windows API查找'Search By Units'按钮...
2025-12-21 20:15:25,025 - workflow_automation.mole_submitter - INFO - 找到'Search By Units'按钮（句柄: 1313158）
